18:25:34 INFO  : Platform repository initialization has completed.
18:25:34 INFO  : Launching XSCT server: xsct.bat -n  -interactive C:\520_lab\FInal_project\software\temp_xsdb_launch_script.tcl
18:25:34 INFO  : Registering command handlers for Vitis TCF services
18:25:36 INFO  : XSCT server has started successfully.
18:25:36 INFO  : plnx-install-location is set to ''
18:25:36 INFO  : Successfully done setting XSCT server connection channel  
18:25:36 INFO  : Successfully done query RDI_DATADIR 
18:25:36 INFO  : Successfully done setting workspace for the tool. 
18:28:42 INFO  : Result from executing command 'getProjects': car_detect_wrapper
18:28:42 INFO  : Result from executing command 'getPlatforms': 
18:28:42 WARN  : An unexpected exception occurred in the module 'platform project logging'
18:28:42 INFO  : Platform 'car_detect_wrapper' is added to custom repositories.
18:28:51 INFO  : Platform 'car_detect_wrapper' is added to custom repositories.
18:31:04 INFO  : Result from executing command 'getProjects': car_detect_wrapper
18:31:04 INFO  : Result from executing command 'getPlatforms': car_detect_wrapper|C:/520_lab/FInal_project/software/car_detect_wrapper/export/car_detect_wrapper/car_detect_wrapper.xpfm
18:31:05 INFO  : Checking for BSP changes to sync application flags for project 'car_sensor_app'...
18:32:37 INFO  : Connected to target on host '127.0.0.1' and port '3121'.
18:33:09 INFO  : Jtag cable 'Digilent Zybo Z7 210351A81DB3A' is selected.
18:33:40 INFO  : 'jtag frequency' command is executed.
18:33:40 INFO  : Context for 'APU' is selected.
18:33:40 INFO  : System reset is completed.
18:33:43 INFO  : 'after 3000' command is executed.
18:34:12 INFO  : 'targets -set -filter {jtag_cable_name =~ "Digilent Zybo Z7 210351A81DB3A" && level==0 && jtag_device_ctx=="jsn-Zybo Z7-210351A81DB3A-23727093-0"}' command is executed.
18:34:14 INFO  : Device configured successfully with "C:/520_lab/FInal_project/software/car_sensor_app/_ide/bitstream/car_detect_wrapper.bit"
18:34:14 INFO  : Context for 'APU' is selected.
18:34:46 INFO  : Hardware design and registers information is loaded from 'C:/520_lab/FInal_project/software/car_detect_wrapper/export/car_detect_wrapper/hw/car_detect_wrapper.xsa'.
18:34:46 INFO  : 'configparams force-mem-access 1' command is executed.
18:34:46 INFO  : Context for 'APU' is selected.
18:34:46 INFO  : Sourcing of 'C:/520_lab/FInal_project/software/car_sensor_app/_ide/psinit/ps7_init.tcl' is done.
18:37:24 INFO  : 'ps7_init' command is executed.
18:37:24 INFO  : 'ps7_post_config' command is executed.
18:37:24 INFO  : Context for processor 'ps7_cortexa9_0' is selected.
18:38:27 INFO  : The application 'C:/520_lab/FInal_project/software/car_sensor_app/Debug/car_sensor_app.elf' is downloaded to processor 'ps7_cortexa9_0'.
18:38:59 INFO  : 'configparams force-mem-access 0' command is executed.
18:38:59 INFO  : ----------------XSDB Script----------------
connect -url tcp:127.0.0.1:3121
targets -set -nocase -filter {name =~"APU*"}
rst -system
after 3000
targets -set -filter {jtag_cable_name =~ "Digilent Zybo Z7 210351A81DB3A" && level==0 && jtag_device_ctx=="jsn-Zybo Z7-210351A81DB3A-23727093-0"}
fpga -file C:/520_lab/FInal_project/software/car_sensor_app/_ide/bitstream/car_detect_wrapper.bit
targets -set -nocase -filter {name =~"APU*"}
loadhw -hw C:/520_lab/FInal_project/software/car_detect_wrapper/export/car_detect_wrapper/hw/car_detect_wrapper.xsa -mem-ranges [list {0x40000000 0xbfffffff}] -regs
configparams force-mem-access 1
targets -set -nocase -filter {name =~"APU*"}
source C:/520_lab/FInal_project/software/car_sensor_app/_ide/psinit/ps7_init.tcl
ps7_init
ps7_post_config
targets -set -nocase -filter {name =~ "*A9*#0"}
dow C:/520_lab/FInal_project/software/car_sensor_app/Debug/car_sensor_app.elf
configparams force-mem-access 0
----------------End of Script----------------

18:39:31 INFO  : Context for processor 'ps7_cortexa9_0' is selected.
18:40:02 INFO  : 'con' command is executed.
18:40:02 INFO  : ----------------XSDB Script (After Launch)----------------
targets -set -nocase -filter {name =~ "*A9*#0"}
con
----------------End of Script----------------

18:40:02 INFO  : Disconnected from the channel tcfchan#2.
18:43:44 INFO  : Checking for BSP changes to sync application flags for project 'car_sensor_app'...
18:44:15 INFO  : Connected to target on host '127.0.0.1' and port '3121'.
18:44:16 INFO  : Jtag cable 'Digilent Zybo Z7 210351A81DB3A' is selected.
18:44:47 INFO  : 'jtag frequency' command is executed.
18:44:47 INFO  : Context for 'APU' is selected.
18:44:47 INFO  : System reset is completed.
18:44:50 INFO  : 'after 3000' command is executed.
18:45:19 INFO  : 'targets -set -filter {jtag_cable_name =~ "Digilent Zybo Z7 210351A81DB3A" && level==0 && jtag_device_ctx=="jsn-Zybo Z7-210351A81DB3A-23727093-0"}' command is executed.
18:45:21 INFO  : Device configured successfully with "C:/520_lab/FInal_project/software/car_sensor_app/_ide/bitstream/car_detect_wrapper.bit"
18:45:21 INFO  : Context for 'APU' is selected.
18:45:21 INFO  : Hardware design and registers information is loaded from 'C:/520_lab/FInal_project/software/car_detect_wrapper/export/car_detect_wrapper/hw/car_detect_wrapper.xsa'.
18:45:53 INFO  : 'configparams force-mem-access 1' command is executed.
18:45:53 INFO  : Context for 'APU' is selected.
18:45:53 INFO  : Sourcing of 'C:/520_lab/FInal_project/software/car_sensor_app/_ide/psinit/ps7_init.tcl' is done.
18:48:31 INFO  : 'ps7_init' command is executed.
18:48:31 INFO  : 'ps7_post_config' command is executed.
18:49:03 INFO  : Context for processor 'ps7_cortexa9_0' is selected.
18:50:06 INFO  : The application 'C:/520_lab/FInal_project/software/car_sensor_app/Debug/car_sensor_app.elf' is downloaded to processor 'ps7_cortexa9_0'.
18:50:38 INFO  : 'configparams force-mem-access 0' command is executed.
18:50:38 INFO  : ----------------XSDB Script----------------
connect -url tcp:127.0.0.1:3121
targets -set -nocase -filter {name =~"APU*"}
rst -system
after 3000
targets -set -filter {jtag_cable_name =~ "Digilent Zybo Z7 210351A81DB3A" && level==0 && jtag_device_ctx=="jsn-Zybo Z7-210351A81DB3A-23727093-0"}
fpga -file C:/520_lab/FInal_project/software/car_sensor_app/_ide/bitstream/car_detect_wrapper.bit
targets -set -nocase -filter {name =~"APU*"}
loadhw -hw C:/520_lab/FInal_project/software/car_detect_wrapper/export/car_detect_wrapper/hw/car_detect_wrapper.xsa -mem-ranges [list {0x40000000 0xbfffffff}] -regs
configparams force-mem-access 1
targets -set -nocase -filter {name =~"APU*"}
source C:/520_lab/FInal_project/software/car_sensor_app/_ide/psinit/ps7_init.tcl
ps7_init
ps7_post_config
targets -set -nocase -filter {name =~ "*A9*#0"}
dow C:/520_lab/FInal_project/software/car_sensor_app/Debug/car_sensor_app.elf
configparams force-mem-access 0
----------------End of Script----------------

18:50:38 INFO  : Context for processor 'ps7_cortexa9_0' is selected.
18:51:09 INFO  : 'con' command is executed.
18:51:09 INFO  : ----------------XSDB Script (After Launch)----------------
targets -set -nocase -filter {name =~ "*A9*#0"}
con
----------------End of Script----------------

18:51:09 INFO  : Disconnected from the channel tcfchan#3.
18:52:44 INFO  : Connected to target on host '127.0.0.1' and port '3121'.
18:52:44 INFO  : Jtag cable 'Digilent Zybo Z7 210351A81DB3A' is selected.
18:53:03 INFO  : Checking for BSP changes to sync application flags for project 'car_sensor_app'...
18:53:16 INFO  : 'jtag frequency' command is executed.
18:53:19 ERROR : no targets found with "name =~"APU*"". available targets:
  1  xc7z020
18:53:19 INFO  : ----------------XSDB Script----------------
connect -url tcp:127.0.0.1:3121
targets -set -nocase -filter {name =~"APU*"}
----------------End of Script----------------

18:53:19 ERROR : no targets found with "name =~"APU*"". available targets:
  1  xc7z020
18:53:33 INFO  : Checking for BSP changes to sync application flags for project 'car_sensor_app'...
18:53:39 INFO  : Connected to target on host '127.0.0.1' and port '3121'.
18:53:48 INFO  : Jtag cable 'Digilent Zybo Z7 210351A81DB3A' is selected.
18:54:19 ERROR : port closed
18:54:19 INFO  : ----------------XSDB Script----------------
connect -url tcp:127.0.0.1:3121
----------------End of Script----------------

18:54:19 ERROR : port closed
18:54:30 INFO  : Connected to target on host '127.0.0.1' and port '3121'.
18:54:51 INFO  : Jtag cable 'Digilent Zybo Z7 210351A81DB3A' is selected.
18:55:22 INFO  : 'jtag frequency' command is executed.
18:55:22 INFO  : Context for 'APU' is selected.
18:55:22 INFO  : System reset is completed.
18:55:25 INFO  : 'after 3000' command is executed.
18:55:54 INFO  : 'targets -set -filter {jtag_cable_name =~ "Digilent Zybo Z7 210351A81DB3A" && level==0 && jtag_device_ctx=="jsn-Zybo Z7-210351A81DB3A-23727093-0"}' command is executed.
18:55:56 INFO  : Device configured successfully with "C:/520_lab/FInal_project/software/car_sensor_app/_ide/bitstream/car_detect_wrapper.bit"
18:55:57 INFO  : Context for 'APU' is selected.
18:55:57 INFO  : Hardware design and registers information is loaded from 'C:/520_lab/FInal_project/software/car_detect_wrapper/export/car_detect_wrapper/hw/car_detect_wrapper.xsa'.
18:55:57 INFO  : 'configparams force-mem-access 1' command is executed.
18:55:57 INFO  : Context for 'APU' is selected.
18:55:57 INFO  : Sourcing of 'C:/520_lab/FInal_project/software/car_sensor_app/_ide/psinit/ps7_init.tcl' is done.
18:58:03 INFO  : 'ps7_init' command is executed.
18:58:03 INFO  : 'ps7_post_config' command is executed.
18:58:03 INFO  : Context for processor 'ps7_cortexa9_0' is selected.
18:59:06 INFO  : The application 'C:/520_lab/FInal_project/software/car_sensor_app/Debug/car_sensor_app.elf' is downloaded to processor 'ps7_cortexa9_0'.
18:59:38 INFO  : 'configparams force-mem-access 0' command is executed.
18:59:38 INFO  : ----------------XSDB Script----------------
connect -url tcp:127.0.0.1:3121
targets -set -nocase -filter {name =~"APU*"}
rst -system
after 3000
targets -set -filter {jtag_cable_name =~ "Digilent Zybo Z7 210351A81DB3A" && level==0 && jtag_device_ctx=="jsn-Zybo Z7-210351A81DB3A-23727093-0"}
fpga -file C:/520_lab/FInal_project/software/car_sensor_app/_ide/bitstream/car_detect_wrapper.bit
targets -set -nocase -filter {name =~"APU*"}
loadhw -hw C:/520_lab/FInal_project/software/car_detect_wrapper/export/car_detect_wrapper/hw/car_detect_wrapper.xsa -mem-ranges [list {0x40000000 0xbfffffff}] -regs
configparams force-mem-access 1
targets -set -nocase -filter {name =~"APU*"}
source C:/520_lab/FInal_project/software/car_sensor_app/_ide/psinit/ps7_init.tcl
ps7_init
ps7_post_config
targets -set -nocase -filter {name =~ "*A9*#0"}
dow C:/520_lab/FInal_project/software/car_sensor_app/Debug/car_sensor_app.elf
configparams force-mem-access 0
----------------End of Script----------------

18:59:38 INFO  : Context for processor 'ps7_cortexa9_0' is selected.
19:00:10 INFO  : 'con' command is executed.
19:00:10 INFO  : ----------------XSDB Script (After Launch)----------------
targets -set -nocase -filter {name =~ "*A9*#0"}
con
----------------End of Script----------------

19:00:10 INFO  : Disconnected from the channel tcfchan#4.
21:59:07 INFO  : Launching XSCT server: xsct.bat -n  -interactive C:\520_lab\FInal_project\software\temp_xsdb_launch_script.tcl
21:59:10 INFO  : XSCT server has started successfully.
21:59:10 INFO  : plnx-install-location is set to ''
21:59:10 INFO  : Successfully done setting XSCT server connection channel  
21:59:10 INFO  : Successfully done setting workspace for the tool. 
21:59:11 INFO  : Platform repository initialization has completed.
21:59:11 INFO  : Registering command handlers for Vitis TCF services
21:59:15 INFO  : Successfully done query RDI_DATADIR 
22:49:58 INFO  : Checking for BSP changes to sync application flags for project 'car_sensor_app'...
22:51:04 INFO  : Connected to target on host '127.0.0.1' and port '3121'.
22:51:36 INFO  : Jtag cable 'Digilent Zybo Z7 210351A81DB3A' is selected.
22:52:08 INFO  : 'jtag frequency' command is executed.
22:52:08 INFO  : Context for 'APU' is selected.
22:52:08 INFO  : System reset is completed.
22:52:11 INFO  : 'after 3000' command is executed.
22:52:40 INFO  : 'targets -set -filter {jtag_cable_name =~ "Digilent Zybo Z7 210351A81DB3A" && level==0 && jtag_device_ctx=="jsn-Zybo Z7-210351A81DB3A-23727093-0"}' command is executed.
22:52:42 INFO  : Device configured successfully with "C:/520_lab/FInal_project/software/car_sensor_app/_ide/bitstream/car_detect_wrapper.bit"
22:52:42 INFO  : Context for 'APU' is selected.
22:53:14 INFO  : Hardware design and registers information is loaded from 'C:/520_lab/FInal_project/software/car_detect_wrapper/export/car_detect_wrapper/hw/car_detect_wrapper.xsa'.
22:53:14 INFO  : 'configparams force-mem-access 1' command is executed.
22:53:14 INFO  : Context for 'APU' is selected.
22:53:14 INFO  : Sourcing of 'C:/520_lab/FInal_project/software/car_sensor_app/_ide/psinit/ps7_init.tcl' is done.
22:54:17 INFO  : 'ps7_init' command is executed.
22:54:17 INFO  : 'ps7_post_config' command is executed.
22:54:49 INFO  : Context for processor 'ps7_cortexa9_0' is selected.
22:55:22 INFO  : The application 'C:/520_lab/FInal_project/software/car_sensor_app/Debug/car_sensor_app.elf' is downloaded to processor 'ps7_cortexa9_0'.
22:55:53 INFO  : 'configparams force-mem-access 0' command is executed.
22:55:53 INFO  : ----------------XSDB Script----------------
connect -url tcp:127.0.0.1:3121
targets -set -nocase -filter {name =~"APU*"}
rst -system
after 3000
targets -set -filter {jtag_cable_name =~ "Digilent Zybo Z7 210351A81DB3A" && level==0 && jtag_device_ctx=="jsn-Zybo Z7-210351A81DB3A-23727093-0"}
fpga -file C:/520_lab/FInal_project/software/car_sensor_app/_ide/bitstream/car_detect_wrapper.bit
targets -set -nocase -filter {name =~"APU*"}
loadhw -hw C:/520_lab/FInal_project/software/car_detect_wrapper/export/car_detect_wrapper/hw/car_detect_wrapper.xsa -mem-ranges [list {0x40000000 0xbfffffff}] -regs
configparams force-mem-access 1
targets -set -nocase -filter {name =~"APU*"}
source C:/520_lab/FInal_project/software/car_sensor_app/_ide/psinit/ps7_init.tcl
ps7_init
ps7_post_config
targets -set -nocase -filter {name =~ "*A9*#0"}
dow C:/520_lab/FInal_project/software/car_sensor_app/Debug/car_sensor_app.elf
configparams force-mem-access 0
----------------End of Script----------------

22:56:25 INFO  : Context for processor 'ps7_cortexa9_0' is selected.
22:56:57 INFO  : 'con' command is executed.
22:56:57 INFO  : ----------------XSDB Script (After Launch)----------------
targets -set -nocase -filter {name =~ "*A9*#0"}
con
----------------End of Script----------------

22:56:57 INFO  : Disconnected from the channel tcfchan#1.
23:04:11 INFO  : Checking for BSP changes to sync application flags for project 'car_sensor_app'...
23:04:35 INFO  : Connected to target on host '127.0.0.1' and port '3121'.
23:04:35 INFO  : Jtag cable 'Digilent Zybo Z7 210351A81DB3A' is selected.
23:05:07 INFO  : 'jtag frequency' command is executed.
23:05:07 INFO  : Context for 'APU' is selected.
23:05:07 INFO  : System reset is completed.
23:05:10 INFO  : 'after 3000' command is executed.
23:05:39 INFO  : 'targets -set -filter {jtag_cable_name =~ "Digilent Zybo Z7 210351A81DB3A" && level==0 && jtag_device_ctx=="jsn-Zybo Z7-210351A81DB3A-23727093-0"}' command is executed.
23:05:41 INFO  : Device configured successfully with "C:/520_lab/FInal_project/software/car_sensor_app/_ide/bitstream/car_detect_wrapper.bit"
23:05:41 INFO  : Context for 'APU' is selected.
23:06:13 INFO  : Hardware design and registers information is loaded from 'C:/520_lab/FInal_project/software/car_detect_wrapper/export/car_detect_wrapper/hw/car_detect_wrapper.xsa'.
23:06:13 INFO  : 'configparams force-mem-access 1' command is executed.
23:06:13 INFO  : Context for 'APU' is selected.
23:06:13 INFO  : Sourcing of 'C:/520_lab/FInal_project/software/car_sensor_app/_ide/psinit/ps7_init.tcl' is done.
23:07:16 INFO  : 'ps7_init' command is executed.
23:07:16 INFO  : 'ps7_post_config' command is executed.
23:07:48 INFO  : Context for processor 'ps7_cortexa9_0' is selected.
23:08:51 INFO  : The application 'C:/520_lab/FInal_project/software/car_sensor_app/Debug/car_sensor_app.elf' is downloaded to processor 'ps7_cortexa9_0'.
23:09:23 INFO  : 'configparams force-mem-access 0' command is executed.
23:09:23 INFO  : ----------------XSDB Script----------------
connect -url tcp:127.0.0.1:3121
targets -set -nocase -filter {name =~"APU*"}
rst -system
after 3000
targets -set -filter {jtag_cable_name =~ "Digilent Zybo Z7 210351A81DB3A" && level==0 && jtag_device_ctx=="jsn-Zybo Z7-210351A81DB3A-23727093-0"}
fpga -file C:/520_lab/FInal_project/software/car_sensor_app/_ide/bitstream/car_detect_wrapper.bit
targets -set -nocase -filter {name =~"APU*"}
loadhw -hw C:/520_lab/FInal_project/software/car_detect_wrapper/export/car_detect_wrapper/hw/car_detect_wrapper.xsa -mem-ranges [list {0x40000000 0xbfffffff}] -regs
configparams force-mem-access 1
targets -set -nocase -filter {name =~"APU*"}
source C:/520_lab/FInal_project/software/car_sensor_app/_ide/psinit/ps7_init.tcl
ps7_init
ps7_post_config
targets -set -nocase -filter {name =~ "*A9*#0"}
dow C:/520_lab/FInal_project/software/car_sensor_app/Debug/car_sensor_app.elf
configparams force-mem-access 0
----------------End of Script----------------

23:09:23 INFO  : Context for processor 'ps7_cortexa9_0' is selected.
23:09:54 INFO  : 'con' command is executed.
23:09:54 INFO  : ----------------XSDB Script (After Launch)----------------
targets -set -nocase -filter {name =~ "*A9*#0"}
con
----------------End of Script----------------

23:09:54 INFO  : Disconnected from the channel tcfchan#2.
00:11:47 INFO  : Launching XSCT server: xsct.bat -n  -interactive C:\520_lab\FInal_project\software\temp_xsdb_launch_script.tcl
00:11:52 INFO  : Platform repository initialization has completed.
00:11:53 INFO  : Registering command handlers for Vitis TCF services
00:11:53 INFO  : XSCT server has started successfully.
00:11:53 INFO  : Successfully done setting XSCT server connection channel  
00:11:53 INFO  : plnx-install-location is set to ''
00:12:00 INFO  : Successfully done setting workspace for the tool. 
00:12:00 INFO  : Successfully done query RDI_DATADIR 
00:33:42 INFO  : Launching XSCT server: xsct.bat -n  -interactive C:\520_lab\FInal_project\software\temp_xsdb_launch_script.tcl
00:33:49 INFO  : Platform repository initialization has completed.
00:33:49 INFO  : Registering command handlers for Vitis TCF services
00:33:49 INFO  : XSCT server has started successfully.
00:33:49 INFO  : plnx-install-location is set to ''
00:33:55 INFO  : Successfully done setting XSCT server connection channel  
00:33:55 INFO  : Successfully done query RDI_DATADIR 
00:33:55 INFO  : Successfully done setting workspace for the tool. 
00:35:32 INFO  : Checking for BSP changes to sync application flags for project 'car_sensor_app'...
00:36:41 INFO  : Checking for BSP changes to sync application flags for project 'car_sensor_app'...
00:37:27 INFO  : Checking for BSP changes to sync application flags for project 'car_sensor_app'...
00:39:11 INFO  : Checking for BSP changes to sync application flags for project 'car_sensor_app'...
00:39:30 INFO  : Connected to target on host '127.0.0.1' and port '3121'.
00:40:34 INFO  : Jtag cable 'Digilent Zybo Z7 210351A81DB3A' is selected.
00:41:05 INFO  : 'jtag frequency' command is executed.
00:41:05 INFO  : Context for 'APU' is selected.
00:41:37 INFO  : System reset is completed.
00:41:40 INFO  : 'after 3000' command is executed.
00:42:09 INFO  : 'targets -set -filter {jtag_cable_name =~ "Digilent Zybo Z7 210351A81DB3A" && level==0 && jtag_device_ctx=="jsn-Zybo Z7-210351A81DB3A-23727093-0"}' command is executed.
00:42:43 INFO  : Device configured successfully with "C:/520_lab/FInal_project/software/car_sensor_app/_ide/bitstream/car_detect_wrapper.bit"
00:43:14 INFO  : Context for 'APU' is selected.
00:43:14 INFO  : Hardware design and registers information is loaded from 'C:/520_lab/FInal_project/software/car_detect_wrapper/export/car_detect_wrapper/hw/car_detect_wrapper.xsa'.
00:43:14 INFO  : 'configparams force-mem-access 1' command is executed.
00:43:14 INFO  : Context for 'APU' is selected.
00:43:14 INFO  : Sourcing of 'C:/520_lab/FInal_project/software/car_sensor_app/_ide/psinit/ps7_init.tcl' is done.
00:44:18 INFO  : 'ps7_init' command is executed.
00:44:18 INFO  : 'ps7_post_config' command is executed.
00:44:49 INFO  : Context for processor 'ps7_cortexa9_0' is selected.
00:45:53 INFO  : The application 'C:/520_lab/FInal_project/software/car_sensor_app/Debug/car_sensor_app.elf' is downloaded to processor 'ps7_cortexa9_0'.
00:46:24 INFO  : 'configparams force-mem-access 0' command is executed.
00:46:24 INFO  : ----------------XSDB Script----------------
connect -url tcp:127.0.0.1:3121
targets -set -nocase -filter {name =~"APU*"}
rst -system
after 3000
targets -set -filter {jtag_cable_name =~ "Digilent Zybo Z7 210351A81DB3A" && level==0 && jtag_device_ctx=="jsn-Zybo Z7-210351A81DB3A-23727093-0"}
fpga -file C:/520_lab/FInal_project/software/car_sensor_app/_ide/bitstream/car_detect_wrapper.bit
targets -set -nocase -filter {name =~"APU*"}
loadhw -hw C:/520_lab/FInal_project/software/car_detect_wrapper/export/car_detect_wrapper/hw/car_detect_wrapper.xsa -mem-ranges [list {0x40000000 0xbfffffff}] -regs
configparams force-mem-access 1
targets -set -nocase -filter {name =~"APU*"}
source C:/520_lab/FInal_project/software/car_sensor_app/_ide/psinit/ps7_init.tcl
ps7_init
ps7_post_config
targets -set -nocase -filter {name =~ "*A9*#0"}
dow C:/520_lab/FInal_project/software/car_sensor_app/Debug/car_sensor_app.elf
configparams force-mem-access 0
----------------End of Script----------------

00:46:56 INFO  : Context for processor 'ps7_cortexa9_0' is selected.
00:47:28 INFO  : 'con' command is executed.
00:47:28 INFO  : ----------------XSDB Script (After Launch)----------------
targets -set -nocase -filter {name =~ "*A9*#0"}
con
----------------End of Script----------------

00:47:28 INFO  : Disconnected from the channel tcfchan#1.
00:51:25 INFO  : Checking for BSP changes to sync application flags for project 'car_sensor_app'...
00:52:12 INFO  : Connected to target on host '127.0.0.1' and port '3121'.
00:52:13 INFO  : Jtag cable 'Digilent Zybo Z7 210351A81DB3A' is selected.
00:52:44 INFO  : 'jtag frequency' command is executed.
00:52:44 INFO  : Context for 'APU' is selected.
00:52:44 INFO  : System reset is completed.
00:52:47 INFO  : 'after 3000' command is executed.
00:53:16 INFO  : 'targets -set -filter {jtag_cable_name =~ "Digilent Zybo Z7 210351A81DB3A" && level==0 && jtag_device_ctx=="jsn-Zybo Z7-210351A81DB3A-23727093-0"}' command is executed.
00:53:18 INFO  : Device configured successfully with "C:/520_lab/FInal_project/software/car_sensor_app/_ide/bitstream/car_detect_wrapper.bit"
00:53:18 INFO  : Context for 'APU' is selected.
00:53:50 INFO  : Hardware design and registers information is loaded from 'C:/520_lab/FInal_project/software/car_detect_wrapper/export/car_detect_wrapper/hw/car_detect_wrapper.xsa'.
00:53:50 INFO  : 'configparams force-mem-access 1' command is executed.
00:53:50 INFO  : Context for 'APU' is selected.
00:53:50 INFO  : Sourcing of 'C:/520_lab/FInal_project/software/car_sensor_app/_ide/psinit/ps7_init.tcl' is done.
00:55:25 INFO  : 'ps7_init' command is executed.
00:55:25 INFO  : 'ps7_post_config' command is executed.
00:55:25 INFO  : Context for processor 'ps7_cortexa9_0' is selected.
00:55:57 INFO  : The application 'C:/520_lab/FInal_project/software/car_sensor_app/Debug/car_sensor_app.elf' is downloaded to processor 'ps7_cortexa9_0'.
00:56:28 INFO  : 'configparams force-mem-access 0' command is executed.
00:56:28 INFO  : ----------------XSDB Script----------------
connect -url tcp:127.0.0.1:3121
targets -set -nocase -filter {name =~"APU*"}
rst -system
after 3000
targets -set -filter {jtag_cable_name =~ "Digilent Zybo Z7 210351A81DB3A" && level==0 && jtag_device_ctx=="jsn-Zybo Z7-210351A81DB3A-23727093-0"}
fpga -file C:/520_lab/FInal_project/software/car_sensor_app/_ide/bitstream/car_detect_wrapper.bit
targets -set -nocase -filter {name =~"APU*"}
loadhw -hw C:/520_lab/FInal_project/software/car_detect_wrapper/export/car_detect_wrapper/hw/car_detect_wrapper.xsa -mem-ranges [list {0x40000000 0xbfffffff}] -regs
configparams force-mem-access 1
targets -set -nocase -filter {name =~"APU*"}
source C:/520_lab/FInal_project/software/car_sensor_app/_ide/psinit/ps7_init.tcl
ps7_init
ps7_post_config
targets -set -nocase -filter {name =~ "*A9*#0"}
dow C:/520_lab/FInal_project/software/car_sensor_app/Debug/car_sensor_app.elf
configparams force-mem-access 0
----------------End of Script----------------

00:56:28 INFO  : Context for processor 'ps7_cortexa9_0' is selected.
00:56:28 INFO  : 'con' command is executed.
00:56:28 INFO  : ----------------XSDB Script (After Launch)----------------
targets -set -nocase -filter {name =~ "*A9*#0"}
con
----------------End of Script----------------

00:56:28 INFO  : Disconnected from the channel tcfchan#2.
00:58:17 INFO  : Checking for BSP changes to sync application flags for project 'car_sensor_app'...
00:58:35 INFO  : Connected to target on host '127.0.0.1' and port '3121'.
00:58:35 INFO  : Jtag cable 'Digilent Zybo Z7 210351A81DB3A' is selected.
00:59:07 ERROR : port closed
00:59:07 INFO  : ----------------XSDB Script----------------
connect -url tcp:127.0.0.1:3121
----------------End of Script----------------

00:59:07 ERROR : port closed
00:59:14 INFO  : Connected to target on host '127.0.0.1' and port '3121'.
00:59:39 INFO  : Jtag cable 'Digilent Zybo Z7 210351A81DB3A' is selected.
01:00:10 INFO  : 'jtag frequency' command is executed.
01:00:10 INFO  : Context for 'APU' is selected.
01:00:10 INFO  : System reset is completed.
01:00:13 INFO  : 'after 3000' command is executed.
01:00:42 INFO  : 'targets -set -filter {jtag_cable_name =~ "Digilent Zybo Z7 210351A81DB3A" && level==0 && jtag_device_ctx=="jsn-Zybo Z7-210351A81DB3A-23727093-0"}' command is executed.
01:00:44 INFO  : Device configured successfully with "C:/520_lab/FInal_project/software/car_sensor_app/_ide/bitstream/car_detect_wrapper.bit"
01:00:44 INFO  : Context for 'APU' is selected.
01:01:16 INFO  : Hardware design and registers information is loaded from 'C:/520_lab/FInal_project/software/car_detect_wrapper/export/car_detect_wrapper/hw/car_detect_wrapper.xsa'.
01:01:16 INFO  : 'configparams force-mem-access 1' command is executed.
01:01:16 INFO  : Context for 'APU' is selected.
01:01:16 INFO  : Sourcing of 'C:/520_lab/FInal_project/software/car_sensor_app/_ide/psinit/ps7_init.tcl' is done.
01:02:51 INFO  : 'ps7_init' command is executed.
01:02:51 INFO  : 'ps7_post_config' command is executed.
01:03:22 INFO  : Context for processor 'ps7_cortexa9_0' is selected.
01:04:26 INFO  : The application 'C:/520_lab/FInal_project/software/car_sensor_app/Debug/car_sensor_app.elf' is downloaded to processor 'ps7_cortexa9_0'.
01:04:57 INFO  : 'configparams force-mem-access 0' command is executed.
01:04:57 INFO  : ----------------XSDB Script----------------
connect -url tcp:127.0.0.1:3121
targets -set -nocase -filter {name =~"APU*"}
rst -system
after 3000
targets -set -filter {jtag_cable_name =~ "Digilent Zybo Z7 210351A81DB3A" && level==0 && jtag_device_ctx=="jsn-Zybo Z7-210351A81DB3A-23727093-0"}
fpga -file C:/520_lab/FInal_project/software/car_sensor_app/_ide/bitstream/car_detect_wrapper.bit
targets -set -nocase -filter {name =~"APU*"}
loadhw -hw C:/520_lab/FInal_project/software/car_detect_wrapper/export/car_detect_wrapper/hw/car_detect_wrapper.xsa -mem-ranges [list {0x40000000 0xbfffffff}] -regs
configparams force-mem-access 1
targets -set -nocase -filter {name =~"APU*"}
source C:/520_lab/FInal_project/software/car_sensor_app/_ide/psinit/ps7_init.tcl
ps7_init
ps7_post_config
targets -set -nocase -filter {name =~ "*A9*#0"}
dow C:/520_lab/FInal_project/software/car_sensor_app/Debug/car_sensor_app.elf
configparams force-mem-access 0
----------------End of Script----------------

01:04:57 INFO  : Context for processor 'ps7_cortexa9_0' is selected.
01:04:57 INFO  : 'con' command is executed.
01:04:57 INFO  : ----------------XSDB Script (After Launch)----------------
targets -set -nocase -filter {name =~ "*A9*#0"}
con
----------------End of Script----------------

01:04:57 INFO  : Disconnected from the channel tcfchan#3.
01:06:41 INFO  : Checking for BSP changes to sync application flags for project 'car_sensor_app'...
01:07:09 INFO  : Checking for BSP changes to sync application flags for project 'car_sensor_app'...
01:07:35 INFO  : Connected to target on host '127.0.0.1' and port '3121'.
01:07:45 INFO  : ----------------XSDB Script----------------
connect -url tcp:127.0.0.1:3121
----------------End of Script----------------

01:07:45 ERROR : Could not find ARM device on the board for connection 'Local'.
Check if the target is in:
1. Split JTAG - No operations are possible with ARM DAP.
2. Non JTAG bootmode - Bootrom may need time to enable DAP.
Please try again.


Troubleshooting hints:
1. Check whether board is connected to system properly.
2. In case of zynq board, check whether Digilent/Xilinx cable switch settings are correct.
3. If you are using Xilinx Platform Cable USB, ensure that status LED is green.
01:07:52 INFO  : Checking for BSP changes to sync application flags for project 'car_sensor_app'...
01:07:56 INFO  : Connected to target on host '127.0.0.1' and port '3121'.
01:08:07 INFO  : Jtag cable 'Digilent Zybo Z7 210351A81DB3A' is selected.
01:08:39 INFO  : 'jtag frequency' command is executed.
01:08:39 INFO  : Context for 'APU' is selected.
01:08:39 INFO  : System reset is completed.
01:08:42 INFO  : 'after 3000' command is executed.
01:09:11 INFO  : 'targets -set -filter {jtag_cable_name =~ "Digilent Zybo Z7 210351A81DB3A" && level==0 && jtag_device_ctx=="jsn-Zybo Z7-210351A81DB3A-23727093-0"}' command is executed.
01:09:13 INFO  : Device configured successfully with "C:/520_lab/FInal_project/software/car_sensor_app/_ide/bitstream/car_detect_wrapper.bit"
01:09:13 INFO  : Context for 'APU' is selected.
01:09:45 INFO  : Hardware design and registers information is loaded from 'C:/520_lab/FInal_project/software/car_detect_wrapper/export/car_detect_wrapper/hw/car_detect_wrapper.xsa'.
01:09:45 INFO  : 'configparams force-mem-access 1' command is executed.
01:09:45 INFO  : Context for 'APU' is selected.
01:09:45 INFO  : Sourcing of 'C:/520_lab/FInal_project/software/car_sensor_app/_ide/psinit/ps7_init.tcl' is done.
01:11:20 INFO  : 'ps7_init' command is executed.
01:11:20 INFO  : 'ps7_post_config' command is executed.
01:11:51 INFO  : Context for processor 'ps7_cortexa9_0' is selected.
01:12:23 INFO  : The application 'C:/520_lab/FInal_project/software/car_sensor_app/Debug/car_sensor_app.elf' is downloaded to processor 'ps7_cortexa9_0'.
01:12:55 INFO  : 'configparams force-mem-access 0' command is executed.
01:12:55 INFO  : ----------------XSDB Script----------------
connect -url tcp:127.0.0.1:3121
targets -set -nocase -filter {name =~"APU*"}
rst -system
after 3000
targets -set -filter {jtag_cable_name =~ "Digilent Zybo Z7 210351A81DB3A" && level==0 && jtag_device_ctx=="jsn-Zybo Z7-210351A81DB3A-23727093-0"}
fpga -file C:/520_lab/FInal_project/software/car_sensor_app/_ide/bitstream/car_detect_wrapper.bit
targets -set -nocase -filter {name =~"APU*"}
loadhw -hw C:/520_lab/FInal_project/software/car_detect_wrapper/export/car_detect_wrapper/hw/car_detect_wrapper.xsa -mem-ranges [list {0x40000000 0xbfffffff}] -regs
configparams force-mem-access 1
targets -set -nocase -filter {name =~"APU*"}
source C:/520_lab/FInal_project/software/car_sensor_app/_ide/psinit/ps7_init.tcl
ps7_init
ps7_post_config
targets -set -nocase -filter {name =~ "*A9*#0"}
dow C:/520_lab/FInal_project/software/car_sensor_app/Debug/car_sensor_app.elf
configparams force-mem-access 0
----------------End of Script----------------

01:12:55 INFO  : Context for processor 'ps7_cortexa9_0' is selected.
01:13:26 INFO  : 'con' command is executed.
01:13:26 INFO  : ----------------XSDB Script (After Launch)----------------
targets -set -nocase -filter {name =~ "*A9*#0"}
con
----------------End of Script----------------

01:13:26 INFO  : Disconnected from the channel tcfchan#4.
09:27:44 INFO  : Launching XSCT server: xsct.bat -n  -interactive C:\520_lab\FInal_project\software\temp_xsdb_launch_script.tcl
09:27:51 INFO  : Platform repository initialization has completed.
09:27:51 INFO  : Registering command handlers for Vitis TCF services
09:27:52 INFO  : XSCT server has started successfully.
09:27:52 INFO  : plnx-install-location is set to ''
09:27:59 INFO  : Successfully done setting XSCT server connection channel  
09:27:59 INFO  : Successfully done query RDI_DATADIR 
09:27:59 INFO  : Successfully done setting workspace for the tool. 
09:43:05 INFO  : Checking for BSP changes to sync application flags for project 'car_sensor_app'...
09:43:34 INFO  : Connected to target on host '127.0.0.1' and port '3121'.
09:43:41 INFO  : Jtag cable 'Digilent Zybo Z7 210351A81DB3A' is selected.
09:43:47 INFO  : 'jtag frequency' command is executed.
09:43:47 INFO  : Context for 'APU' is selected.
09:43:47 INFO  : System reset is completed.
09:43:50 INFO  : 'after 3000' command is executed.
09:43:53 INFO  : 'targets -set -filter {jtag_cable_name =~ "Digilent Zybo Z7 210351A81DB3A" && level==0 && jtag_device_ctx=="jsn-Zybo Z7-210351A81DB3A-23727093-0"}' command is executed.
09:44:01 INFO  : Device configured successfully with "C:/520_lab/FInal_project/software/car_sensor_app/_ide/bitstream/car_detect_wrapper.bit"
09:44:07 INFO  : Context for 'APU' is selected.
09:44:14 INFO  : Hardware design and registers information is loaded from 'C:/520_lab/FInal_project/software/car_detect_wrapper/export/car_detect_wrapper/hw/car_detect_wrapper.xsa'.
09:44:14 INFO  : 'configparams force-mem-access 1' command is executed.
09:44:14 INFO  : Context for 'APU' is selected.
09:44:14 INFO  : Sourcing of 'C:/520_lab/FInal_project/software/car_sensor_app/_ide/psinit/ps7_init.tcl' is done.
09:45:58 INFO  : 'ps7_init' command is executed.
09:45:58 INFO  : 'ps7_post_config' command is executed.
09:45:58 INFO  : Context for processor 'ps7_cortexa9_0' is selected.
09:46:22 INFO  : The application 'C:/520_lab/FInal_project/software/car_sensor_app/Debug/car_sensor_app.elf' is downloaded to processor 'ps7_cortexa9_0'.
09:46:35 INFO  : 'configparams force-mem-access 0' command is executed.
09:46:35 INFO  : ----------------XSDB Script----------------
connect -url tcp:127.0.0.1:3121
targets -set -nocase -filter {name =~"APU*"}
rst -system
after 3000
targets -set -filter {jtag_cable_name =~ "Digilent Zybo Z7 210351A81DB3A" && level==0 && jtag_device_ctx=="jsn-Zybo Z7-210351A81DB3A-23727093-0"}
fpga -file C:/520_lab/FInal_project/software/car_sensor_app/_ide/bitstream/car_detect_wrapper.bit
targets -set -nocase -filter {name =~"APU*"}
loadhw -hw C:/520_lab/FInal_project/software/car_detect_wrapper/export/car_detect_wrapper/hw/car_detect_wrapper.xsa -mem-ranges [list {0x40000000 0xbfffffff}] -regs
configparams force-mem-access 1
targets -set -nocase -filter {name =~"APU*"}
source C:/520_lab/FInal_project/software/car_sensor_app/_ide/psinit/ps7_init.tcl
ps7_init
ps7_post_config
targets -set -nocase -filter {name =~ "*A9*#0"}
dow C:/520_lab/FInal_project/software/car_sensor_app/Debug/car_sensor_app.elf
configparams force-mem-access 0
----------------End of Script----------------

09:46:47 INFO  : Context for processor 'ps7_cortexa9_0' is selected.
09:46:59 INFO  : 'con' command is executed.
09:46:59 INFO  : ----------------XSDB Script (After Launch)----------------
targets -set -nocase -filter {name =~ "*A9*#0"}
con
----------------End of Script----------------

09:46:59 INFO  : Disconnected from the channel tcfchan#1.
09:49:18 INFO  : Checking for BSP changes to sync application flags for project 'car_sensor_app'...
09:49:47 INFO  : Connected to target on host '127.0.0.1' and port '3121'.
09:49:47 INFO  : Jtag cable 'Digilent Zybo Z7 210351A81DB3A' is selected.
09:49:53 INFO  : 'jtag frequency' command is executed.
09:49:53 INFO  : Context for 'APU' is selected.
09:49:53 INFO  : System reset is completed.
09:49:56 INFO  : 'after 3000' command is executed.
09:49:59 INFO  : 'targets -set -filter {jtag_cable_name =~ "Digilent Zybo Z7 210351A81DB3A" && level==0 && jtag_device_ctx=="jsn-Zybo Z7-210351A81DB3A-23727093-0"}' command is executed.
09:50:08 INFO  : Device configured successfully with "C:/520_lab/FInal_project/software/car_sensor_app/_ide/bitstream/car_detect_wrapper.bit"
09:50:14 INFO  : Context for 'APU' is selected.
09:50:20 INFO  : Hardware design and registers information is loaded from 'C:/520_lab/FInal_project/software/car_detect_wrapper/export/car_detect_wrapper/hw/car_detect_wrapper.xsa'.
09:50:20 INFO  : 'configparams force-mem-access 1' command is executed.
09:50:20 INFO  : Context for 'APU' is selected.
09:50:20 INFO  : Sourcing of 'C:/520_lab/FInal_project/software/car_sensor_app/_ide/psinit/ps7_init.tcl' is done.
09:51:39 INFO  : 'ps7_init' command is executed.
09:51:46 INFO  : 'ps7_post_config' command is executed.
09:51:46 INFO  : Context for processor 'ps7_cortexa9_0' is selected.
09:52:10 INFO  : The application 'C:/520_lab/FInal_project/software/car_sensor_app/Debug/car_sensor_app.elf' is downloaded to processor 'ps7_cortexa9_0'.
09:52:16 INFO  : 'configparams force-mem-access 0' command is executed.
09:52:16 INFO  : ----------------XSDB Script----------------
connect -url tcp:127.0.0.1:3121
targets -set -nocase -filter {name =~"APU*"}
rst -system
after 3000
targets -set -filter {jtag_cable_name =~ "Digilent Zybo Z7 210351A81DB3A" && level==0 && jtag_device_ctx=="jsn-Zybo Z7-210351A81DB3A-23727093-0"}
fpga -file C:/520_lab/FInal_project/software/car_sensor_app/_ide/bitstream/car_detect_wrapper.bit
targets -set -nocase -filter {name =~"APU*"}
loadhw -hw C:/520_lab/FInal_project/software/car_detect_wrapper/export/car_detect_wrapper/hw/car_detect_wrapper.xsa -mem-ranges [list {0x40000000 0xbfffffff}] -regs
configparams force-mem-access 1
targets -set -nocase -filter {name =~"APU*"}
source C:/520_lab/FInal_project/software/car_sensor_app/_ide/psinit/ps7_init.tcl
ps7_init
ps7_post_config
targets -set -nocase -filter {name =~ "*A9*#0"}
dow C:/520_lab/FInal_project/software/car_sensor_app/Debug/car_sensor_app.elf
configparams force-mem-access 0
----------------End of Script----------------

09:52:22 INFO  : Context for processor 'ps7_cortexa9_0' is selected.
09:52:29 INFO  : 'con' command is executed.
09:52:29 INFO  : ----------------XSDB Script (After Launch)----------------
targets -set -nocase -filter {name =~ "*A9*#0"}
con
----------------End of Script----------------

09:52:29 INFO  : Disconnected from the channel tcfchan#2.
09:55:10 INFO  : Checking for BSP changes to sync application flags for project 'car_sensor_app'...
09:55:31 INFO  : Connected to target on host '127.0.0.1' and port '3121'.
09:55:32 INFO  : Jtag cable 'Digilent Zybo Z7 210351A81DB3A' is selected.
09:55:38 INFO  : 'jtag frequency' command is executed.
09:55:38 INFO  : Context for 'APU' is selected.
09:55:38 INFO  : System reset is completed.
09:55:41 INFO  : 'after 3000' command is executed.
09:55:44 INFO  : 'targets -set -filter {jtag_cable_name =~ "Digilent Zybo Z7 210351A81DB3A" && level==0 && jtag_device_ctx=="jsn-Zybo Z7-210351A81DB3A-23727093-0"}' command is executed.
09:55:52 INFO  : Device configured successfully with "C:/520_lab/FInal_project/software/car_sensor_app/_ide/bitstream/car_detect_wrapper.bit"
09:55:59 INFO  : Context for 'APU' is selected.
09:56:05 INFO  : Hardware design and registers information is loaded from 'C:/520_lab/FInal_project/software/car_detect_wrapper/export/car_detect_wrapper/hw/car_detect_wrapper.xsa'.
09:56:05 INFO  : 'configparams force-mem-access 1' command is executed.
09:56:05 INFO  : Context for 'APU' is selected.
09:56:05 INFO  : Sourcing of 'C:/520_lab/FInal_project/software/car_sensor_app/_ide/psinit/ps7_init.tcl' is done.
09:57:55 INFO  : 'ps7_init' command is executed.
09:58:01 INFO  : 'ps7_post_config' command is executed.
09:58:01 INFO  : Context for processor 'ps7_cortexa9_0' is selected.
09:58:20 INFO  : The application 'C:/520_lab/FInal_project/software/car_sensor_app/Debug/car_sensor_app.elf' is downloaded to processor 'ps7_cortexa9_0'.
09:58:26 INFO  : 'configparams force-mem-access 0' command is executed.
09:58:26 INFO  : ----------------XSDB Script----------------
connect -url tcp:127.0.0.1:3121
targets -set -nocase -filter {name =~"APU*"}
rst -system
after 3000
targets -set -filter {jtag_cable_name =~ "Digilent Zybo Z7 210351A81DB3A" && level==0 && jtag_device_ctx=="jsn-Zybo Z7-210351A81DB3A-23727093-0"}
fpga -file C:/520_lab/FInal_project/software/car_sensor_app/_ide/bitstream/car_detect_wrapper.bit
targets -set -nocase -filter {name =~"APU*"}
loadhw -hw C:/520_lab/FInal_project/software/car_detect_wrapper/export/car_detect_wrapper/hw/car_detect_wrapper.xsa -mem-ranges [list {0x40000000 0xbfffffff}] -regs
configparams force-mem-access 1
targets -set -nocase -filter {name =~"APU*"}
source C:/520_lab/FInal_project/software/car_sensor_app/_ide/psinit/ps7_init.tcl
ps7_init
ps7_post_config
targets -set -nocase -filter {name =~ "*A9*#0"}
dow C:/520_lab/FInal_project/software/car_sensor_app/Debug/car_sensor_app.elf
configparams force-mem-access 0
----------------End of Script----------------

09:58:32 INFO  : Context for processor 'ps7_cortexa9_0' is selected.
09:58:38 INFO  : 'con' command is executed.
09:58:38 INFO  : ----------------XSDB Script (After Launch)----------------
targets -set -nocase -filter {name =~ "*A9*#0"}
con
----------------End of Script----------------

09:58:38 INFO  : Disconnected from the channel tcfchan#3.
10:07:12 INFO  : Connected to target on host '127.0.0.1' and port '3121'.
10:07:13 INFO  : Jtag cable 'Digilent Zybo Z7 210351A81DB3A' is selected.
10:07:19 INFO  : 'jtag frequency' command is executed.
10:07:19 INFO  : Context for 'APU' is selected.
10:07:19 INFO  : System reset is completed.
10:07:22 INFO  : 'after 3000' command is executed.
10:07:25 INFO  : 'targets -set -filter {jtag_cable_name =~ "Digilent Zybo Z7 210351A81DB3A" && level==0 && jtag_device_ctx=="jsn-Zybo Z7-210351A81DB3A-23727093-0"}' command is executed.
10:07:34 INFO  : Device configured successfully with "C:/520_lab/FInal_project/software/car_sensor_app/_ide/bitstream/car_detect_wrapper.bit"
10:07:40 INFO  : Context for 'APU' is selected.
10:07:58 INFO  : Hardware design and registers information is loaded from 'C:/520_lab/FInal_project/software/car_detect_wrapper/export/car_detect_wrapper/hw/car_detect_wrapper.xsa'.
10:07:58 INFO  : 'configparams force-mem-access 1' command is executed.
10:07:58 INFO  : Context for 'APU' is selected.
10:07:58 INFO  : Sourcing of 'C:/520_lab/FInal_project/software/car_sensor_app/_ide/psinit/ps7_init.tcl' is done.
10:09:12 INFO  : 'ps7_init' command is executed.
10:09:18 INFO  : 'ps7_post_config' command is executed.
10:09:24 INFO  : Context for processor 'ps7_cortexa9_0' is selected.
10:09:42 INFO  : The application 'C:/520_lab/FInal_project/software/car_sensor_app/Debug/car_sensor_app.elf' is downloaded to processor 'ps7_cortexa9_0'.
10:09:49 INFO  : 'configparams force-mem-access 0' command is executed.
10:09:49 INFO  : ----------------XSDB Script----------------
connect -url tcp:127.0.0.1:3121
targets -set -nocase -filter {name =~"APU*"}
rst -system
after 3000
targets -set -filter {jtag_cable_name =~ "Digilent Zybo Z7 210351A81DB3A" && level==0 && jtag_device_ctx=="jsn-Zybo Z7-210351A81DB3A-23727093-0"}
fpga -file C:/520_lab/FInal_project/software/car_sensor_app/_ide/bitstream/car_detect_wrapper.bit
targets -set -nocase -filter {name =~"APU*"}
loadhw -hw C:/520_lab/FInal_project/software/car_detect_wrapper/export/car_detect_wrapper/hw/car_detect_wrapper.xsa -mem-ranges [list {0x40000000 0xbfffffff}] -regs
configparams force-mem-access 1
targets -set -nocase -filter {name =~"APU*"}
source C:/520_lab/FInal_project/software/car_sensor_app/_ide/psinit/ps7_init.tcl
ps7_init
ps7_post_config
targets -set -nocase -filter {name =~ "*A9*#0"}
dow C:/520_lab/FInal_project/software/car_sensor_app/Debug/car_sensor_app.elf
configparams force-mem-access 0
----------------End of Script----------------

10:09:55 INFO  : Context for processor 'ps7_cortexa9_0' is selected.
10:10:01 INFO  : 'con' command is executed.
10:10:01 INFO  : ----------------XSDB Script (After Launch)----------------
targets -set -nocase -filter {name =~ "*A9*#0"}
con
----------------End of Script----------------

10:10:01 INFO  : Disconnected from the channel tcfchan#4.
14:53:05 INFO  : Launching XSCT server: xsct.bat -n  -interactive C:\520_lab\FInal_project\software\temp_xsdb_launch_script.tcl
14:53:09 INFO  : XSCT server has started successfully.
14:53:09 INFO  : Registering command handlers for Vitis TCF services
14:53:09 INFO  : Platform repository initialization has completed.
14:53:14 INFO  : plnx-install-location is set to ''
14:53:14 INFO  : Successfully done setting XSCT server connection channel  
14:53:14 INFO  : Successfully done query RDI_DATADIR 
14:53:14 INFO  : Successfully done setting workspace for the tool. 
14:54:05 INFO  : Checking for BSP changes to sync application flags for project 'car_sensor_app'...
14:58:14 INFO  : Checking for BSP changes to sync application flags for project 'car_sensor_app'...
15:01:43 INFO  : Checking for BSP changes to sync application flags for project 'car_sensor_app'...
15:19:14 INFO  : Checking for BSP changes to sync application flags for project 'car_sensor_app'...
15:21:32 INFO  : Checking for BSP changes to sync application flags for project 'car_sensor_app'...
15:23:09 INFO  : Connected to target on host '127.0.0.1' and port '3121'.
15:23:39 INFO  : Jtag cable 'Digilent Zybo Z7 210351A81DB3A' is selected.
15:23:53 INFO  : 'jtag frequency' command is executed.
15:23:53 INFO  : Context for 'APU' is selected.
15:23:53 INFO  : System reset is completed.
15:23:56 INFO  : 'after 3000' command is executed.
15:24:08 INFO  : 'targets -set -filter {jtag_cable_name =~ "Digilent Zybo Z7 210351A81DB3A" && level==0 && jtag_device_ctx=="jsn-Zybo Z7-210351A81DB3A-23727093-0"}' command is executed.
15:24:25 INFO  : Device configured successfully with "C:/520_lab/FInal_project/software/car_sensor_app/_ide/bitstream/car_detect_wrapper.bit"
15:24:39 INFO  : Context for 'APU' is selected.
15:24:54 INFO  : Hardware design and registers information is loaded from 'C:/520_lab/FInal_project/software/car_detect_wrapper/export/car_detect_wrapper/hw/car_detect_wrapper.xsa'.
15:24:54 INFO  : 'configparams force-mem-access 1' command is executed.
15:24:54 INFO  : Context for 'APU' is selected.
15:24:54 INFO  : Sourcing of 'C:/520_lab/FInal_project/software/car_sensor_app/_ide/psinit/ps7_init.tcl' is done.
15:26:06 INFO  : 'ps7_init' command is executed.
15:26:21 INFO  : 'ps7_post_config' command is executed.
15:26:21 INFO  : Context for processor 'ps7_cortexa9_0' is selected.
15:26:35 INFO  : The application 'C:/520_lab/FInal_project/software/car_sensor_app/Debug/car_sensor_app.elf' is downloaded to processor 'ps7_cortexa9_0'.
15:26:50 INFO  : 'configparams force-mem-access 0' command is executed.
15:26:50 INFO  : ----------------XSDB Script----------------
connect -url tcp:127.0.0.1:3121
targets -set -nocase -filter {name =~"APU*"}
rst -system
after 3000
targets -set -filter {jtag_cable_name =~ "Digilent Zybo Z7 210351A81DB3A" && level==0 && jtag_device_ctx=="jsn-Zybo Z7-210351A81DB3A-23727093-0"}
fpga -file C:/520_lab/FInal_project/software/car_sensor_app/_ide/bitstream/car_detect_wrapper.bit
targets -set -nocase -filter {name =~"APU*"}
loadhw -hw C:/520_lab/FInal_project/software/car_detect_wrapper/export/car_detect_wrapper/hw/car_detect_wrapper.xsa -mem-ranges [list {0x40000000 0xbfffffff}] -regs
configparams force-mem-access 1
targets -set -nocase -filter {name =~"APU*"}
source C:/520_lab/FInal_project/software/car_sensor_app/_ide/psinit/ps7_init.tcl
ps7_init
ps7_post_config
targets -set -nocase -filter {name =~ "*A9*#0"}
dow C:/520_lab/FInal_project/software/car_sensor_app/Debug/car_sensor_app.elf
configparams force-mem-access 0
----------------End of Script----------------

15:27:04 INFO  : Context for processor 'ps7_cortexa9_0' is selected.
15:27:19 INFO  : 'con' command is executed.
15:27:19 INFO  : ----------------XSDB Script (After Launch)----------------
targets -set -nocase -filter {name =~ "*A9*#0"}
con
----------------End of Script----------------

15:27:19 INFO  : Disconnected from the channel tcfchan#1.
15:29:02 INFO  : Checking for BSP changes to sync application flags for project 'car_sensor_app'...
15:29:15 INFO  : Connected to target on host '127.0.0.1' and port '3121'.
15:29:15 INFO  : Jtag cable 'Digilent Zybo Z7 210351A81DB3A' is selected.
15:29:29 INFO  : 'jtag frequency' command is executed.
15:29:29 INFO  : Context for 'APU' is selected.
15:29:29 INFO  : System reset is completed.
15:29:32 INFO  : 'after 3000' command is executed.
15:29:44 INFO  : 'targets -set -filter {jtag_cable_name =~ "Digilent Zybo Z7 210351A81DB3A" && level==0 && jtag_device_ctx=="jsn-Zybo Z7-210351A81DB3A-23727093-0"}' command is executed.
15:30:01 INFO  : Device configured successfully with "C:/520_lab/FInal_project/software/car_sensor_app/_ide/bitstream/car_detect_wrapper.bit"
15:30:01 INFO  : Context for 'APU' is selected.
15:30:15 INFO  : Hardware design and registers information is loaded from 'C:/520_lab/FInal_project/software/car_detect_wrapper/export/car_detect_wrapper/hw/car_detect_wrapper.xsa'.
15:30:15 INFO  : 'configparams force-mem-access 1' command is executed.
15:30:15 INFO  : Context for 'APU' is selected.
15:30:15 INFO  : Sourcing of 'C:/520_lab/FInal_project/software/car_sensor_app/_ide/psinit/ps7_init.tcl' is done.
15:31:13 INFO  : 'ps7_init' command is executed.
15:31:27 INFO  : 'ps7_post_config' command is executed.
15:31:27 INFO  : Context for processor 'ps7_cortexa9_0' is selected.
15:31:56 INFO  : The application 'C:/520_lab/FInal_project/software/car_sensor_app/Debug/car_sensor_app.elf' is downloaded to processor 'ps7_cortexa9_0'.
15:32:11 INFO  : 'configparams force-mem-access 0' command is executed.
15:32:11 INFO  : ----------------XSDB Script----------------
connect -url tcp:127.0.0.1:3121
targets -set -nocase -filter {name =~"APU*"}
rst -system
after 3000
targets -set -filter {jtag_cable_name =~ "Digilent Zybo Z7 210351A81DB3A" && level==0 && jtag_device_ctx=="jsn-Zybo Z7-210351A81DB3A-23727093-0"}
fpga -file C:/520_lab/FInal_project/software/car_sensor_app/_ide/bitstream/car_detect_wrapper.bit
targets -set -nocase -filter {name =~"APU*"}
loadhw -hw C:/520_lab/FInal_project/software/car_detect_wrapper/export/car_detect_wrapper/hw/car_detect_wrapper.xsa -mem-ranges [list {0x40000000 0xbfffffff}] -regs
configparams force-mem-access 1
targets -set -nocase -filter {name =~"APU*"}
source C:/520_lab/FInal_project/software/car_sensor_app/_ide/psinit/ps7_init.tcl
ps7_init
ps7_post_config
targets -set -nocase -filter {name =~ "*A9*#0"}
dow C:/520_lab/FInal_project/software/car_sensor_app/Debug/car_sensor_app.elf
configparams force-mem-access 0
----------------End of Script----------------

15:32:11 INFO  : Context for processor 'ps7_cortexa9_0' is selected.
15:32:25 INFO  : 'con' command is executed.
15:32:25 INFO  : ----------------XSDB Script (After Launch)----------------
targets -set -nocase -filter {name =~ "*A9*#0"}
con
----------------End of Script----------------

15:32:25 INFO  : Disconnected from the channel tcfchan#2.
15:35:07 INFO  : Checking for BSP changes to sync application flags for project 'car_sensor_app'...
15:42:28 INFO  : Connected to target on host '127.0.0.1' and port '3121'.
15:42:28 INFO  : Jtag cable 'Digilent Zybo Z7 210351A81DB3A' is selected.
15:42:42 INFO  : 'jtag frequency' command is executed.
15:42:42 INFO  : Context for 'APU' is selected.
15:42:42 INFO  : System reset is completed.
15:42:45 INFO  : 'after 3000' command is executed.
15:42:57 INFO  : 'targets -set -filter {jtag_cable_name =~ "Digilent Zybo Z7 210351A81DB3A" && level==0 && jtag_device_ctx=="jsn-Zybo Z7-210351A81DB3A-23727093-0"}' command is executed.
15:42:59 INFO  : Device configured successfully with "C:/520_lab/FInal_project/software/car_sensor_app/_ide/bitstream/car_detect_wrapper.bit"
15:42:59 INFO  : Context for 'APU' is selected.
15:43:14 INFO  : Hardware design and registers information is loaded from 'C:/520_lab/FInal_project/software/car_detect_wrapper/export/car_detect_wrapper/hw/car_detect_wrapper.xsa'.
15:43:14 INFO  : 'configparams force-mem-access 1' command is executed.
15:43:14 INFO  : Context for 'APU' is selected.
15:43:14 INFO  : Sourcing of 'C:/520_lab/FInal_project/software/car_sensor_app/_ide/psinit/ps7_init.tcl' is done.
15:43:57 INFO  : 'ps7_init' command is executed.
15:43:57 INFO  : 'ps7_post_config' command is executed.
15:43:57 INFO  : Context for processor 'ps7_cortexa9_0' is selected.
15:44:26 INFO  : The application 'C:/520_lab/FInal_project/software/car_sensor_app/Debug/car_sensor_app.elf' is downloaded to processor 'ps7_cortexa9_0'.
15:44:41 INFO  : 'configparams force-mem-access 0' command is executed.
15:44:41 INFO  : ----------------XSDB Script----------------
connect -url tcp:127.0.0.1:3121
targets -set -nocase -filter {name =~"APU*"}
rst -system
after 3000
targets -set -filter {jtag_cable_name =~ "Digilent Zybo Z7 210351A81DB3A" && level==0 && jtag_device_ctx=="jsn-Zybo Z7-210351A81DB3A-23727093-0"}
fpga -file C:/520_lab/FInal_project/software/car_sensor_app/_ide/bitstream/car_detect_wrapper.bit
targets -set -nocase -filter {name =~"APU*"}
loadhw -hw C:/520_lab/FInal_project/software/car_detect_wrapper/export/car_detect_wrapper/hw/car_detect_wrapper.xsa -mem-ranges [list {0x40000000 0xbfffffff}] -regs
configparams force-mem-access 1
targets -set -nocase -filter {name =~"APU*"}
source C:/520_lab/FInal_project/software/car_sensor_app/_ide/psinit/ps7_init.tcl
ps7_init
ps7_post_config
targets -set -nocase -filter {name =~ "*A9*#0"}
dow C:/520_lab/FInal_project/software/car_sensor_app/Debug/car_sensor_app.elf
configparams force-mem-access 0
----------------End of Script----------------

15:44:55 INFO  : Context for processor 'ps7_cortexa9_0' is selected.
15:45:10 INFO  : 'con' command is executed.
15:45:10 INFO  : ----------------XSDB Script (After Launch)----------------
targets -set -nocase -filter {name =~ "*A9*#0"}
con
----------------End of Script----------------

15:45:10 INFO  : Disconnected from the channel tcfchan#3.
15:52:47 INFO  : Connected to target on host '127.0.0.1' and port '3121'.
15:52:47 INFO  : Jtag cable 'Digilent Zybo Z7 210351A81DB3A' is selected.
15:53:01 INFO  : 'jtag frequency' command is executed.
15:53:01 INFO  : Context for 'APU' is selected.
15:53:01 INFO  : System reset is completed.
15:53:04 INFO  : 'after 3000' command is executed.
15:53:16 INFO  : 'targets -set -filter {jtag_cable_name =~ "Digilent Zybo Z7 210351A81DB3A" && level==0 && jtag_device_ctx=="jsn-Zybo Z7-210351A81DB3A-23727093-0"}' command is executed.
15:53:33 INFO  : Device configured successfully with "C:/520_lab/FInal_project/software/car_sensor_app/_ide/bitstream/car_detect_wrapper.bit"
15:53:33 INFO  : Context for 'APU' is selected.
15:54:02 INFO  : Hardware design and registers information is loaded from 'C:/520_lab/FInal_project/software/car_detect_wrapper/export/car_detect_wrapper/hw/car_detect_wrapper.xsa'.
15:54:02 INFO  : 'configparams force-mem-access 1' command is executed.
15:54:02 INFO  : Context for 'APU' is selected.
15:54:02 INFO  : Sourcing of 'C:/520_lab/FInal_project/software/car_sensor_app/_ide/psinit/ps7_init.tcl' is done.
15:54:31 INFO  : 'ps7_init' command is executed.
15:54:31 INFO  : 'ps7_post_config' command is executed.
15:54:45 INFO  : Context for processor 'ps7_cortexa9_0' is selected.
15:55:29 INFO  : The application 'C:/520_lab/FInal_project/software/car_sensor_app/Debug/car_sensor_app.elf' is downloaded to processor 'ps7_cortexa9_0'.
15:55:43 INFO  : 'configparams force-mem-access 0' command is executed.
15:55:43 INFO  : ----------------XSDB Script----------------
connect -url tcp:127.0.0.1:3121
targets -set -nocase -filter {name =~"APU*"}
rst -system
after 3000
targets -set -filter {jtag_cable_name =~ "Digilent Zybo Z7 210351A81DB3A" && level==0 && jtag_device_ctx=="jsn-Zybo Z7-210351A81DB3A-23727093-0"}
fpga -file C:/520_lab/FInal_project/software/car_sensor_app/_ide/bitstream/car_detect_wrapper.bit
targets -set -nocase -filter {name =~"APU*"}
loadhw -hw C:/520_lab/FInal_project/software/car_detect_wrapper/export/car_detect_wrapper/hw/car_detect_wrapper.xsa -mem-ranges [list {0x40000000 0xbfffffff}] -regs
configparams force-mem-access 1
targets -set -nocase -filter {name =~"APU*"}
source C:/520_lab/FInal_project/software/car_sensor_app/_ide/psinit/ps7_init.tcl
ps7_init
ps7_post_config
targets -set -nocase -filter {name =~ "*A9*#0"}
dow C:/520_lab/FInal_project/software/car_sensor_app/Debug/car_sensor_app.elf
configparams force-mem-access 0
----------------End of Script----------------

15:55:58 INFO  : Context for processor 'ps7_cortexa9_0' is selected.
15:56:12 INFO  : 'con' command is executed.
15:56:12 INFO  : ----------------XSDB Script (After Launch)----------------
targets -set -nocase -filter {name =~ "*A9*#0"}
con
----------------End of Script----------------

15:56:12 INFO  : Disconnected from the channel tcfchan#4.
15:56:56 INFO  : Connected to target on host '127.0.0.1' and port '3121'.
15:56:56 INFO  : Jtag cable 'Digilent Zybo Z7 210351A81DB3A' is selected.
15:57:10 INFO  : 'jtag frequency' command is executed.
15:57:13 ERROR : no targets found with "name =~"APU*"". available targets:
  1  xc7z020
15:57:13 INFO  : ----------------XSDB Script----------------
connect -url tcp:127.0.0.1:3121
targets -set -nocase -filter {name =~"APU*"}
----------------End of Script----------------

15:57:13 ERROR : no targets found with "name =~"APU*"". available targets:
  1  xc7z020
15:57:47 INFO  : Connected to target on host '127.0.0.1' and port '3121'.
15:57:54 INFO  : Jtag cable 'Digilent Zybo Z7 210351A81DB3A' is selected.
15:58:08 INFO  : 'jtag frequency' command is executed.
15:58:08 INFO  : Context for 'APU' is selected.
15:58:08 INFO  : System reset is completed.
15:58:11 INFO  : 'after 3000' command is executed.
15:58:23 INFO  : 'targets -set -filter {jtag_cable_name =~ "Digilent Zybo Z7 210351A81DB3A" && level==0 && jtag_device_ctx=="jsn-Zybo Z7-210351A81DB3A-23727093-0"}' command is executed.
15:58:25 INFO  : Device configured successfully with "C:/520_lab/FInal_project/software/car_sensor_app/_ide/bitstream/car_detect_wrapper.bit"
15:58:25 INFO  : Context for 'APU' is selected.
15:58:40 INFO  : Hardware design and registers information is loaded from 'C:/520_lab/FInal_project/software/car_detect_wrapper/export/car_detect_wrapper/hw/car_detect_wrapper.xsa'.
15:58:40 INFO  : 'configparams force-mem-access 1' command is executed.
15:58:40 INFO  : Context for 'APU' is selected.
15:58:40 INFO  : Sourcing of 'C:/520_lab/FInal_project/software/car_sensor_app/_ide/psinit/ps7_init.tcl' is done.
15:59:38 INFO  : 'ps7_init' command is executed.
15:59:52 INFO  : 'ps7_post_config' command is executed.
15:59:52 INFO  : Context for processor 'ps7_cortexa9_0' is selected.
16:00:07 INFO  : The application 'C:/520_lab/FInal_project/software/car_sensor_app/Debug/car_sensor_app.elf' is downloaded to processor 'ps7_cortexa9_0'.
16:00:21 INFO  : 'configparams force-mem-access 0' command is executed.
16:00:21 INFO  : ----------------XSDB Script----------------
connect -url tcp:127.0.0.1:3121
targets -set -nocase -filter {name =~"APU*"}
rst -system
after 3000
targets -set -filter {jtag_cable_name =~ "Digilent Zybo Z7 210351A81DB3A" && level==0 && jtag_device_ctx=="jsn-Zybo Z7-210351A81DB3A-23727093-0"}
fpga -file C:/520_lab/FInal_project/software/car_sensor_app/_ide/bitstream/car_detect_wrapper.bit
targets -set -nocase -filter {name =~"APU*"}
loadhw -hw C:/520_lab/FInal_project/software/car_detect_wrapper/export/car_detect_wrapper/hw/car_detect_wrapper.xsa -mem-ranges [list {0x40000000 0xbfffffff}] -regs
configparams force-mem-access 1
targets -set -nocase -filter {name =~"APU*"}
source C:/520_lab/FInal_project/software/car_sensor_app/_ide/psinit/ps7_init.tcl
ps7_init
ps7_post_config
targets -set -nocase -filter {name =~ "*A9*#0"}
dow C:/520_lab/FInal_project/software/car_sensor_app/Debug/car_sensor_app.elf
configparams force-mem-access 0
----------------End of Script----------------

16:00:21 INFO  : Context for processor 'ps7_cortexa9_0' is selected.
16:00:36 INFO  : 'con' command is executed.
16:00:36 INFO  : ----------------XSDB Script (After Launch)----------------
targets -set -nocase -filter {name =~ "*A9*#0"}
con
----------------End of Script----------------

16:00:36 INFO  : Disconnected from the channel tcfchan#5.
17:34:15 INFO  : Connected to target on host '127.0.0.1' and port '3121'.
17:34:15 INFO  : Jtag cable 'Digilent Zybo Z7 210351A81DB3A' is selected.
17:34:30 INFO  : 'jtag frequency' command is executed.
17:34:30 INFO  : Context for 'APU' is selected.
17:34:30 INFO  : System reset is completed.
17:34:33 INFO  : 'after 3000' command is executed.
17:34:44 INFO  : 'targets -set -filter {jtag_cable_name =~ "Digilent Zybo Z7 210351A81DB3A" && level==0 && jtag_device_ctx=="jsn-Zybo Z7-210351A81DB3A-23727093-0"}' command is executed.
17:34:47 INFO  : Device configured successfully with "C:/520_lab/FInal_project/software/car_sensor_app/_ide/bitstream/car_detect_wrapper.bit"
17:34:47 INFO  : Context for 'APU' is selected.
17:35:01 INFO  : Hardware design and registers information is loaded from 'C:/520_lab/FInal_project/software/car_detect_wrapper/export/car_detect_wrapper/hw/car_detect_wrapper.xsa'.
17:35:01 INFO  : 'configparams force-mem-access 1' command is executed.
17:35:01 INFO  : Context for 'APU' is selected.
17:35:01 INFO  : Sourcing of 'C:/520_lab/FInal_project/software/car_sensor_app/_ide/psinit/ps7_init.tcl' is done.
17:35:45 INFO  : 'ps7_init' command is executed.
17:35:45 INFO  : 'ps7_post_config' command is executed.
17:35:45 INFO  : Context for processor 'ps7_cortexa9_0' is selected.
17:36:43 INFO  : The application 'C:/520_lab/FInal_project/software/car_sensor_app/Debug/car_sensor_app.elf' is downloaded to processor 'ps7_cortexa9_0'.
17:36:57 INFO  : 'configparams force-mem-access 0' command is executed.
17:36:57 INFO  : ----------------XSDB Script----------------
connect -url tcp:127.0.0.1:3121
targets -set -nocase -filter {name =~"APU*"}
rst -system
after 3000
targets -set -filter {jtag_cable_name =~ "Digilent Zybo Z7 210351A81DB3A" && level==0 && jtag_device_ctx=="jsn-Zybo Z7-210351A81DB3A-23727093-0"}
fpga -file C:/520_lab/FInal_project/software/car_sensor_app/_ide/bitstream/car_detect_wrapper.bit
targets -set -nocase -filter {name =~"APU*"}
loadhw -hw C:/520_lab/FInal_project/software/car_detect_wrapper/export/car_detect_wrapper/hw/car_detect_wrapper.xsa -mem-ranges [list {0x40000000 0xbfffffff}] -regs
configparams force-mem-access 1
targets -set -nocase -filter {name =~"APU*"}
source C:/520_lab/FInal_project/software/car_sensor_app/_ide/psinit/ps7_init.tcl
ps7_init
ps7_post_config
targets -set -nocase -filter {name =~ "*A9*#0"}
dow C:/520_lab/FInal_project/software/car_sensor_app/Debug/car_sensor_app.elf
configparams force-mem-access 0
----------------End of Script----------------

17:37:12 INFO  : Context for processor 'ps7_cortexa9_0' is selected.
17:37:41 INFO  : 'con' command is executed.
17:37:41 INFO  : ----------------XSDB Script (After Launch)----------------
targets -set -nocase -filter {name =~ "*A9*#0"}
con
----------------End of Script----------------

17:37:41 INFO  : Disconnected from the channel tcfchan#6.
17:41:13 INFO  : Connected to target on host '127.0.0.1' and port '3121'.
17:41:14 INFO  : Jtag cable 'Digilent Zybo Z7 210351A81DB3A' is selected.
17:41:28 INFO  : 'jtag frequency' command is executed.
17:41:28 INFO  : Context for 'APU' is selected.
17:41:28 INFO  : System reset is completed.
17:41:31 INFO  : 'after 3000' command is executed.
17:41:42 INFO  : 'targets -set -filter {jtag_cable_name =~ "Digilent Zybo Z7 210351A81DB3A" && level==0 && jtag_device_ctx=="jsn-Zybo Z7-210351A81DB3A-23727093-0"}' command is executed.
17:41:59 INFO  : Device configured successfully with "C:/520_lab/FInal_project/software/car_sensor_app/_ide/bitstream/car_detect_wrapper.bit"
17:41:59 INFO  : Context for 'APU' is selected.
17:42:28 INFO  : Hardware design and registers information is loaded from 'C:/520_lab/FInal_project/software/car_detect_wrapper/export/car_detect_wrapper/hw/car_detect_wrapper.xsa'.
17:42:28 INFO  : 'configparams force-mem-access 1' command is executed.
17:42:28 INFO  : Context for 'APU' is selected.
17:42:28 INFO  : Sourcing of 'C:/520_lab/FInal_project/software/car_sensor_app/_ide/psinit/ps7_init.tcl' is done.
17:43:12 INFO  : 'ps7_init' command is executed.
17:43:12 INFO  : 'ps7_post_config' command is executed.
17:43:26 INFO  : Context for processor 'ps7_cortexa9_0' is selected.
17:43:41 INFO  : The application 'C:/520_lab/FInal_project/software/car_sensor_app/Debug/car_sensor_app.elf' is downloaded to processor 'ps7_cortexa9_0'.
17:43:55 INFO  : 'configparams force-mem-access 0' command is executed.
17:43:55 INFO  : ----------------XSDB Script----------------
connect -url tcp:127.0.0.1:3121
targets -set -nocase -filter {name =~"APU*"}
rst -system
after 3000
targets -set -filter {jtag_cable_name =~ "Digilent Zybo Z7 210351A81DB3A" && level==0 && jtag_device_ctx=="jsn-Zybo Z7-210351A81DB3A-23727093-0"}
fpga -file C:/520_lab/FInal_project/software/car_sensor_app/_ide/bitstream/car_detect_wrapper.bit
targets -set -nocase -filter {name =~"APU*"}
loadhw -hw C:/520_lab/FInal_project/software/car_detect_wrapper/export/car_detect_wrapper/hw/car_detect_wrapper.xsa -mem-ranges [list {0x40000000 0xbfffffff}] -regs
configparams force-mem-access 1
targets -set -nocase -filter {name =~"APU*"}
source C:/520_lab/FInal_project/software/car_sensor_app/_ide/psinit/ps7_init.tcl
ps7_init
ps7_post_config
targets -set -nocase -filter {name =~ "*A9*#0"}
dow C:/520_lab/FInal_project/software/car_sensor_app/Debug/car_sensor_app.elf
configparams force-mem-access 0
----------------End of Script----------------

17:43:55 INFO  : Context for processor 'ps7_cortexa9_0' is selected.
17:44:10 INFO  : 'con' command is executed.
17:44:10 INFO  : ----------------XSDB Script (After Launch)----------------
targets -set -nocase -filter {name =~ "*A9*#0"}
con
----------------End of Script----------------

17:44:10 INFO  : Disconnected from the channel tcfchan#7.
18:00:44 INFO  : Connected to target on host '127.0.0.1' and port '3121'.
18:00:45 INFO  : Jtag cable 'Digilent Zybo Z7 210351A81DB3A' is selected.
18:00:59 INFO  : 'jtag frequency' command is executed.
18:00:59 INFO  : Context for 'APU' is selected.
18:00:59 INFO  : System reset is completed.
18:01:02 INFO  : 'after 3000' command is executed.
18:01:14 INFO  : 'targets -set -filter {jtag_cable_name =~ "Digilent Zybo Z7 210351A81DB3A" && level==0 && jtag_device_ctx=="jsn-Zybo Z7-210351A81DB3A-23727093-0"}' command is executed.
18:01:45 INFO  : Device configured successfully with "C:/520_lab/FInal_project/software/car_sensor_app/_ide/bitstream/car_detect_wrapper.bit"
18:01:45 INFO  : Context for 'APU' is selected.
18:01:59 INFO  : Hardware design and registers information is loaded from 'C:/520_lab/FInal_project/software/car_detect_wrapper/export/car_detect_wrapper/hw/car_detect_wrapper.xsa'.
18:01:59 INFO  : 'configparams force-mem-access 1' command is executed.
18:01:59 INFO  : Context for 'APU' is selected.
18:01:59 INFO  : Sourcing of 'C:/520_lab/FInal_project/software/car_sensor_app/_ide/psinit/ps7_init.tcl' is done.
18:02:43 INFO  : 'ps7_init' command is executed.
18:02:43 INFO  : 'ps7_post_config' command is executed.
18:02:57 INFO  : Context for processor 'ps7_cortexa9_0' is selected.
18:03:41 INFO  : The application 'C:/520_lab/FInal_project/software/car_sensor_app/Debug/car_sensor_app.elf' is downloaded to processor 'ps7_cortexa9_0'.
18:03:55 INFO  : 'configparams force-mem-access 0' command is executed.
18:03:55 INFO  : ----------------XSDB Script----------------
connect -url tcp:127.0.0.1:3121
targets -set -nocase -filter {name =~"APU*"}
rst -system
after 3000
targets -set -filter {jtag_cable_name =~ "Digilent Zybo Z7 210351A81DB3A" && level==0 && jtag_device_ctx=="jsn-Zybo Z7-210351A81DB3A-23727093-0"}
fpga -file C:/520_lab/FInal_project/software/car_sensor_app/_ide/bitstream/car_detect_wrapper.bit
targets -set -nocase -filter {name =~"APU*"}
loadhw -hw C:/520_lab/FInal_project/software/car_detect_wrapper/export/car_detect_wrapper/hw/car_detect_wrapper.xsa -mem-ranges [list {0x40000000 0xbfffffff}] -regs
configparams force-mem-access 1
targets -set -nocase -filter {name =~"APU*"}
source C:/520_lab/FInal_project/software/car_sensor_app/_ide/psinit/ps7_init.tcl
ps7_init
ps7_post_config
targets -set -nocase -filter {name =~ "*A9*#0"}
dow C:/520_lab/FInal_project/software/car_sensor_app/Debug/car_sensor_app.elf
configparams force-mem-access 0
----------------End of Script----------------

18:03:55 INFO  : Context for processor 'ps7_cortexa9_0' is selected.
18:04:24 INFO  : 'con' command is executed.
18:04:24 INFO  : ----------------XSDB Script (After Launch)----------------
targets -set -nocase -filter {name =~ "*A9*#0"}
con
----------------End of Script----------------

18:04:24 INFO  : Disconnected from the channel tcfchan#8.
